0 info it worked if it ends with ok
1 verbose cli [ '/usr/local/bin/node', '/usr/local/bin/npm', 'start' ]
2 info using npm@2.10.1
3 info using node@v0.12.4
4 verbose run-script [ 'prestart', 'start', 'poststart' ]
5 info prestart ustb_choose_course_system_server@0.0.0
6 info start ustb_choose_course_system_server@0.0.0
7 verbose unsafe-perm in lifecycle true
8 info ustb_choose_course_system_server@0.0.0 Failed to exec start script
9 verbose stack Error: ustb_choose_course_system_server@0.0.0 start: `node ./bin/www`
9 verbose stack Exit status 1
9 verbose stack     at EventEmitter.<anonymous> (/usr/local/lib/node_modules/npm/lib/utils/lifecycle.js:213:16)
9 verbose stack     at EventEmitter.emit (events.js:110:17)
9 verbose stack     at ChildProcess.<anonymous> (/usr/local/lib/node_modules/npm/lib/utils/spawn.js:24:14)
9 verbose stack     at ChildProcess.emit (events.js:110:17)
9 verbose stack     at maybeClose (child_process.js:1015:16)
9 verbose stack     at Process.ChildProcess._handle.onexit (child_process.js:1087:5)
10 verbose pkgid ustb_choose_course_system_server@0.0.0
11 verbose cwd /home/kalen/WorkSpace/nodejs/ustb_choose_course_system_server
12 error Linux 3.16.0-45-generic
13 error argv "/usr/local/bin/node" "/usr/local/bin/npm" "start"
14 error node v0.12.4
15 error npm  v2.10.1
16 error code ELIFECYCLE
17 error ustb_choose_course_system_server@0.0.0 start: `node ./bin/www`
17 error Exit status 1
18 error Failed at the ustb_choose_course_system_server@0.0.0 start script 'node ./bin/www'.
18 error This is most likely a problem with the ustb_choose_course_system_server package,
18 error not with npm itself.
18 error Tell the author that this fails on your system:
18 error     node ./bin/www
18 error You can get their info via:
18 error     npm owner ls ustb_choose_course_system_server
18 error There is likely additional logging output above.
19 verbose exit [ 1, true ]
